21:18:27 **** Build of configuration Release for project Arduino Home ****
make all 
Home libraries/UsbKeyboard/subdir.mk:59: warning: overriding commands for target `Home libraries/UsbKeyboard/usbdrvasm.o'
Home libraries/UsbKeyboard/subdir.mk:52: warning: ignoring old commands for target `Home libraries/UsbKeyboard/usbdrvasm.o'
Building file: /Users/sin/Documents/Arduino/libraries/uALFAT/uALFAT.cpp
Invoking: AVR C++ Compiler
avr-g++ -I"/Applications/Arduino.app/Contents/Resources/Java/hardware/arduino/cores/arduino" -I"/Applications/Arduino.app/Contents/Resources/Java/hardware/arduino/variants/standard" -DARDUINO=100 -Wall -Os -fpack-struct -fshort-enums -funsigned-char -funsigned-bitfields -fno-exceptions -mmcu=atmega328p -DF_CPU=16000000UL -MMD -MP -MF"Home libraries/uALFAT/uALFAT.d" -MT"Home\ libraries/uALFAT/uALFAT.d" -c -o "Home libraries/uALFAT/uALFAT.o" "/Users/sin/Documents/Arduino/libraries/uALFAT/uALFAT.cpp"
In file included from /Users/sin/Documents/Arduino/libraries/uALFAT/uALFAT.cpp:21:
/Users/sin/Documents/Arduino/libraries/uALFAT/uALFAT.h:16:28: error: SoftwareSerial.h: No such file or directory
In file included from /Users/sin/Documents/Arduino/libraries/uALFAT/uALFAT.cpp:21:
/Users/sin/Documents/Arduino/libraries/uALFAT/uALFAT.h:33: error: 'SoftwareSerial' does not name a type
/Users/sin/Documents/Arduino/libraries/uALFAT/uALFAT.cpp: In constructor 'GHIuALFAT::GHIuALFAT(byte, byte, byte)':
/Users/sin/Documents/Arduino/libraries/uALFAT/uALFAT.cpp:23: error: class 'GHIuALFAT' does not have any field named 'serport'
/Users/sin/Documents/Arduino/libraries/uALFAT/uALFAT.cpp: In member function 'byte GHIuALFAT::start()':
/Users/sin/Documents/Arduino/libraries/uALFAT/uALFAT.cpp:32: error: 'serport' was not declared in this scope
/Users/sin/Documents/Arduino/libraries/uALFAT/uALFAT.cpp: In member function 'byte GHIuALFAT::currentTime(char*)':
/Users/sin/Documents/Arduino/libraries/uALFAT/uALFAT.cpp:154: warning: unused variable 'tmp'
/Users/sin/Documents/Arduino/libraries/uALFAT/uALFAT.cpp: In member function 'byte GHIuALFAT::currentDate(char*)':
/Users/sin/Documents/Arduino/libraries/uALFAT/uALFAT.cpp:184: warning: comparison between signed and unsigned integer expressions
/Users/sin/Documents/Arduino/libraries/uALFAT/uALFAT.cpp: In member function 'int GHIuALFAT::read()':
/Users/sin/Documents/Arduino/libraries/uALFAT/uALFAT.cpp:193: error: 'serport' was not declared in this scope
/Users/sin/Documents/Arduino/libraries/uALFAT/uALFAT.cpp: At global scope:
/Users/sin/Documents/Arduino/libraries/uALFAT/uALFAT.cpp:196: error: prototype for 'void GHIuALFAT::write(byte)' does not match any in class 'GHIuALFAT'
/Applications/Arduino.app/Contents/Resources/Java/hardware/arduino/cores/arduino/Print.h:49: error: candidates are: size_t Print::write(const char*)
/Applications/Arduino.app/Contents/Resources/Java/hardware/arduino/cores/arduino/Print.h:50: error:                 virtual size_t Print::write(const uint8_t*, size_t)
/Users/sin/Documents/Arduino/libraries/uALFAT/uALFAT.h:56: error:                 virtual size_t GHIuALFAT::write(uint8_t)
/Users/sin/Documents/Arduino/libraries/uALFAT/uALFAT.cpp: In member function 'byte GHIuALFAT::available()':
/Users/sin/Documents/Arduino/libraries/uALFAT/uALFAT.cpp:201: error: 'serport' was not declared in this scope
/Users/sin/Documents/Arduino/libraries/uALFAT/uALFAT.cpp: In member function 'int GHIuALFAT::getResponse(char*)':
/Users/sin/Documents/Arduino/libraries/uALFAT/uALFAT.cpp:232: warning: unused variable 'i'
make: *** [Home libraries/uALFAT/uALFAT.o] Error 1

21:18:28 Build Finished (took 946ms)

