01:09:48 **** Build of configuration Release for project Arduino Home_libraries ****
make all 
libraries/UsbKeyboard/subdir.mk:59: warning: overriding commands for target `libraries/UsbKeyboard/usbdrvasm.o'
libraries/UsbKeyboard/subdir.mk:52: warning: ignoring old commands for target `libraries/UsbKeyboard/usbdrvasm.o'
Building file: /Users/sin/Documents/Arduino/libraries/Wire__/utility/twi.c
Invoking: AVR Compiler
avr-gcc -I"/Applications/Arduino.app/Contents/Resources/Java/hardware/arduino/cores/arduino" -I"/Applications/Arduino.app/Contents/Resources/Java/libraries/SPI" -I"/Applications/Arduino.app/Contents/Resources/Java/hardware/arduino/variants/standard" -DARDUINO=100 -Wall -Os -fpack-struct -fshort-enums -std=gnu99 -funsigned-char -funsigned-bitfields -mmcu=atmega328p -DF_CPU=16000000UL -MMD -MP -MF"libraries/Wire__/utility/twi.d" -MT"libraries/Wire__/utility/twi.d" -c -o "libraries/Wire__/utility/twi.o" "/Users/sin/Documents/Arduino/libraries/Wire__/utility/twi.c"
Finished building: /Users/sin/Documents/Arduino/libraries/Wire__/utility/twi.c
 
Building file: /Users/sin/Documents/Arduino/libraries/Wire__/Wire.cpp
Invoking: AVR C++ Compiler
avr-g++ -I"/Applications/Arduino.app/Contents/Resources/Java/hardware/arduino/cores/arduino" -I"/Applications/Arduino.app/Contents/Resources/Java/libraries/SPI" -I"/Applications/Arduino.app/Contents/Resources/Java/hardware/arduino/variants/standard" -DARDUINO=100 -Wall -Os -fpack-struct -fshort-enums -funsigned-char -funsigned-bitfields -fno-exceptions -mmcu=atmega328p -DF_CPU=16000000UL -MMD -MP -MF"libraries/Wire__/Wire.d" -MT"libraries/Wire__/Wire.d" -c -o "libraries/Wire__/Wire.o" "/Users/sin/Documents/Arduino/libraries/Wire__/Wire.cpp"
/Users/sin/Documents/Arduino/libraries/Wire__/Wire.cpp:26:19: error: twi.h: No such file or directory
/Users/sin/Documents/Arduino/libraries/Wire__/Wire.cpp: In member function 'void TwoWire::begin()':
/Users/sin/Documents/Arduino/libraries/Wire__/Wire.cpp:62: error: 'twi_init' was not declared in this scope
/Users/sin/Documents/Arduino/libraries/Wire__/Wire.cpp: In member function 'void TwoWire::begin(uint8_t)':
/Users/sin/Documents/Arduino/libraries/Wire__/Wire.cpp:67: error: 'twi_setAddress' was not declared in this scope
/Users/sin/Documents/Arduino/libraries/Wire__/Wire.cpp:68: error: 'twi_attachSlaveTxEvent' was not declared in this scope
/Users/sin/Documents/Arduino/libraries/Wire__/Wire.cpp:69: error: 'twi_attachSlaveRxEvent' was not declared in this scope
/Users/sin/Documents/Arduino/libraries/Wire__/Wire.cpp: In member function 'uint8_t TwoWire::requestFrom(uint8_t, uint8_t, uint8_t)':
/Users/sin/Documents/Arduino/libraries/Wire__/Wire.cpp:85: error: 'twi_readFrom' was not declared in this scope
/Users/sin/Documents/Arduino/libraries/Wire__/Wire.cpp: In member function 'uint8_t TwoWire::endTransmission(uint8_t)':
/Users/sin/Documents/Arduino/libraries/Wire__/Wire.cpp:140: error: 'twi_writeTo' was not declared in this scope
/Users/sin/Documents/Arduino/libraries/Wire__/Wire.cpp: In member function 'virtual size_t TwoWire::write(uint8_t)':
/Users/sin/Documents/Arduino/libraries/Wire__/Wire.cpp:177: error: 'twi_transmit' was not declared in this scope
/Users/sin/Documents/Arduino/libraries/Wire__/Wire.cpp: In member function 'virtual size_t TwoWire::write(const uint8_t*, size_t)':
/Users/sin/Documents/Arduino/libraries/Wire__/Wire.cpp:195: error: 'twi_transmit' was not declared in this scope
make: *** [libraries/Wire__/Wire.o] Error 1

01:09:49 Build Finished (took 1s.452ms)

