01:09:52 **** Incremental Build of configuration Default for project rxduino-lib-082 ****
make all 
rx-elf-gcc: error: userapp.cpp: C++ compiler not installed on this system
/usr/local/cross/bin/rx-elf-gcc -Wall -g -I./include/tkdnhal -I./include/rxduino -I./include/lib/  -Wall -O2 -c userapp.cpp -o userapp.o
make: *** [userapp.o] Error 1

01:09:52 Build Finished (took 67ms)

